2016-03-04 07:46:11,108 | yq | INFO | login system sucessfully
2016-03-04 07:48:26,269 | ljf | INFO | login system sucessfully
2016-03-04 07:48:32,419 | ljf | INFO | exit the ftp system
2016-03-04 07:48:32,419 | ljf | INFO | exit the ftp system
2016-03-04 07:48:45,573 | yq | INFO | password is error when login the system
2016-03-04 07:52:41,299 | ljf | INFO | password is error when login the system
2016-03-04 07:52:41,302 | ljf | INFO | password is error when login the system
2016-03-04 07:52:41,302 | ljf | INFO | password is error when login the system
2016-03-04 07:52:41,305 | ljf | INFO | password is error when login the system
2016-03-04 07:52:41,305 | ljf | INFO | password is error when login the system
2016-03-04 07:52:41,305 | ljf | INFO | password is error when login the system
2016-03-04 07:55:10,626 | ljf | INFO | password is error when login the system
2016-03-04 07:58:13,016 | ljf | INFO | password is error when login the system
2016-03-04 07:58:56,480 | ljf | INFO | password is error when login the system
2016-03-04 07:59:45,599 | ljf | INFO | password is error when login the system
2016-03-04 08:00:49,519 | ljf | INFO | password is error when login the system
2016-03-04 08:00:49,522 | ljf | INFO | password is error when login the system
2016-03-04 08:00:49,522 | ljf | INFO | password is error when login the system
2016-03-04 08:00:49,524 | ljf | INFO | password is error when login the system
2016-03-04 08:00:49,524 | ljf | INFO | password is error when login the system
2016-03-04 08:00:49,524 | ljf | INFO | password is error when login the system
2016-03-04 08:02:12,438 | ljf | INFO | password is error when login the system
2016-03-04 08:02:32,502 | ljf | INFO | password is error when login the system
2016-03-04 08:02:58,006 | ljf | INFO | password is error when login the system
2016-03-04 08:03:22,870 | ljf | INFO | login system sucessfully
2016-03-04 08:03:30,359 | ljf | INFO | password is error when login the system
2016-03-04 08:03:30,362 | ljf | INFO | password is error when login the system
2016-03-04 08:03:30,362 | ljf | INFO | password is error when login the system
2016-03-04 08:03:30,364 | ljf | INFO | password is error when login the system
2016-03-04 08:03:30,364 | ljf | INFO | password is error when login the system
2016-03-04 08:03:30,364 | ljf | INFO | password is error when login the system
2016-03-04 08:04:10,861 | yq | INFO | password is error when login the system
2016-03-04 08:04:10,864 | yq | INFO | password is error when login the system
2016-03-04 08:04:10,864 | yq | INFO | password is error when login the system
2016-03-04 08:04:10,866 | yq | INFO | password is error when login the system
2016-03-04 08:04:10,866 | yq | INFO | password is error when login the system
2016-03-04 08:04:10,866 | yq | INFO | password is error when login the system
2016-03-04 08:07:03,220 | ljf | INFO | password is error when login the system
2016-03-04 08:07:10,268 | ljf | INFO | password is error when login the system
2016-03-04 08:07:10,268 | ljf | INFO | password is error when login the system
2016-03-04 08:07:14,851 | ljf | INFO | login system sucessfully
2016-03-04 08:07:14,851 | ljf | INFO | login system sucessfully
2016-03-04 08:07:14,851 | ljf | INFO | login system sucessfully
